0 info it worked if it ends with ok
1 verbose cli [ '/Users/gen/.nvm/versions/node/v5.10.0/bin/node',
1 verbose cli   '/Users/gen/.nvm/versions/node/v5.10.0/bin/npm',
1 verbose cli   'run',
1 verbose cli   'start' ]
2 info using npm@3.8.3
3 info using node@v5.10.0
4 verbose run-script [ 'prestart', 'start', 'poststart' ]
5 info lifecycle node-express-mongoose-jsonwebtoken-api@1.0.0~prestart: node-express-mongoose-jsonwebtoken-api@1.0.0
6 silly lifecycle node-express-mongoose-jsonwebtoken-api@1.0.0~prestart: no script for prestart, continuing
7 info lifecycle node-express-mongoose-jsonwebtoken-api@1.0.0~start: node-express-mongoose-jsonwebtoken-api@1.0.0
8 verbose lifecycle node-express-mongoose-jsonwebtoken-api@1.0.0~start: unsafe-perm in lifecycle true
9 verbose lifecycle node-express-mongoose-jsonwebtoken-api@1.0.0~start: PATH: /Users/gen/.nvm/versions/node/v5.10.0/lib/node_modules/npm/bin/node-gyp-bin:/Users/gen/sites/screensaver/9th-floor-api/node_modules/.bin:/Users/gen/.nvm/versions/node/v5.10.0/bin:/Users/gen/.rvm/gems/ruby-2.3.0/bin:/Users/gen/.rvm/gems/ruby-2.3.0@global/bin:/Users/gen/.rvm/rubies/ruby-2.3.0/bin:/Users/gen/.nvm/versions/node/v5.10.0/bin:/usr/local/bin:/usr/bin:/bin:/usr/sbin:/sbin:/usr/local/git/bin:/Users/gen/.rvm/bin
10 verbose lifecycle node-express-mongoose-jsonwebtoken-api@1.0.0~start: CWD: /Users/gen/sites/screensaver/9th-floor-api
11 silly lifecycle node-express-mongoose-jsonwebtoken-api@1.0.0~start: Args: [ '-c', 'babel-node index.js' ]
12 silly lifecycle node-express-mongoose-jsonwebtoken-api@1.0.0~start: Returned: code: 1  signal: null
13 info lifecycle node-express-mongoose-jsonwebtoken-api@1.0.0~start: Failed to exec start script
14 verbose stack Error: node-express-mongoose-jsonwebtoken-api@1.0.0 start: `babel-node index.js`
14 verbose stack Exit status 1
14 verbose stack     at EventEmitter.<anonymous> (/Users/gen/.nvm/versions/node/v5.10.0/lib/node_modules/npm/lib/utils/lifecycle.js:239:16)
14 verbose stack     at emitTwo (events.js:100:13)
14 verbose stack     at EventEmitter.emit (events.js:185:7)
14 verbose stack     at ChildProcess.<anonymous> (/Users/gen/.nvm/versions/node/v5.10.0/lib/node_modules/npm/lib/utils/spawn.js:24:14)
14 verbose stack     at emitTwo (events.js:100:13)
14 verbose stack     at ChildProcess.emit (events.js:185:7)
14 verbose stack     at maybeClose (internal/child_process.js:850:16)
14 verbose stack     at Process.ChildProcess._handle.onexit (internal/child_process.js:215:5)
15 verbose pkgid node-express-mongoose-jsonwebtoken-api@1.0.0
16 verbose cwd /Users/gen/sites/screensaver/9th-floor-api
17 error Darwin 15.4.0
18 error argv "/Users/gen/.nvm/versions/node/v5.10.0/bin/node" "/Users/gen/.nvm/versions/node/v5.10.0/bin/npm" "run" "start"
19 error node v5.10.0
20 error npm  v3.8.3
21 error code ELIFECYCLE
22 error node-express-mongoose-jsonwebtoken-api@1.0.0 start: `babel-node index.js`
22 error Exit status 1
23 error Failed at the node-express-mongoose-jsonwebtoken-api@1.0.0 start script 'babel-node index.js'.
23 error Make sure you have the latest version of node.js and npm installed.
23 error If you do, this is most likely a problem with the node-express-mongoose-jsonwebtoken-api package,
23 error not with npm itself.
23 error Tell the author that this fails on your system:
23 error     babel-node index.js
23 error You can get information on how to open an issue for this project with:
23 error     npm bugs node-express-mongoose-jsonwebtoken-api
23 error Or if that isn't available, you can get their info via:
23 error     npm owner ls node-express-mongoose-jsonwebtoken-api
23 error There is likely additional logging output above.
24 verbose exit [ 1, true ]
